0 info it worked if it ends with ok
1 verbose cli [ 'C:\\Program Files\\nodejs\\node.exe',
1 verbose cli   'C:\\Users\\mbourke\\AppData\\Roaming\\npm\\node_modules\\npm\\bin\\npm-cli.js',
1 verbose cli   'publish' ]
2 info using npm@3.10.6
3 info using node@v6.10.0
4 verbose publish [ '.' ]
5 silly cache add args [ '.', null ]
6 verbose cache add spec .
7 silly cache add parsed spec Result {
7 silly cache add   raw: '.',
7 silly cache add   scope: null,
7 silly cache add   escapedName: null,
7 silly cache add   name: null,
7 silly cache add   rawSpec: '.',
7 silly cache add   spec: 'C:\\matt\\async-sha256-native-crypto',
7 silly cache add   type: 'directory' }
8 verbose addLocalDirectory C:\Users\mbourke\AppData\Roaming\npm-cache\async-sha256\1.0.2\package.tgz not in flight; packing
9 verbose correctMkdir C:\Users\mbourke\AppData\Roaming\npm-cache correctMkdir not in flight; initializing
10 info lifecycle async-sha256@1.0.2~prepublish: async-sha256@1.0.2
11 silly lifecycle async-sha256@1.0.2~prepublish: no script for prepublish, continuing
12 verbose tar pack [ 'C:\\Users\\mbourke\\AppData\\Roaming\\npm-cache\\async-sha256\\1.0.2\\package.tgz',
12 verbose tar pack   'C:\\matt\\async-sha256-native-crypto' ]
13 verbose tarball C:\Users\mbourke\AppData\Roaming\npm-cache\async-sha256\1.0.2\package.tgz
14 verbose folder C:\matt\async-sha256-native-crypto
15 verbose addLocalTarball adding from inside cache C:\Users\mbourke\AppData\Roaming\npm-cache\async-sha256\1.0.2\package.tgz
16 verbose correctMkdir C:\Users\mbourke\AppData\Roaming\npm-cache correctMkdir not in flight; initializing
17 silly cache afterAdd async-sha256@1.0.2
18 verbose afterAdd C:\Users\mbourke\AppData\Roaming\npm-cache\async-sha256\1.0.2\package\package.json not in flight; writing
19 verbose correctMkdir C:\Users\mbourke\AppData\Roaming\npm-cache correctMkdir not in flight; initializing
20 verbose afterAdd C:\Users\mbourke\AppData\Roaming\npm-cache\async-sha256\1.0.2\package\package.json written
21 silly publish { name: 'async-sha256',
21 silly publish   version: '1.0.2',
21 silly publish   description: 'async sha256 function, using native crypto',
21 silly publish   main: 'index.js',
21 silly publish   scripts: { test: 'echo "Error: no test specified" && exit 1' },
21 silly publish   repository:
21 silly publish    { type: 'git',
21 silly publish      url: 'git+ssh://git@github.com/mattbourke/async-sha256-native-crypto.git' },
21 silly publish   keywords: [ 'async', 'sha256', 'native', 'crypto' ],
21 silly publish   author: { name: 'matt bourke' },
21 silly publish   license: 'MIT',
21 silly publish   bugs: { url: 'https://github.com/mattbourke/async-sha256-native-crypto/issues' },
21 silly publish   homepage: 'https://github.com/mattbourke/async-sha256-native-crypto#readme',
21 silly publish   readme: '# async sha256 function, using native crypto\r\n\r\nThis package contains a async sha256 function using the native crypto API.\r\nCalling this function with an \'await\' requires the code to be within a async block, see the below examples.\r\n\r\n## Note:\r\nThis requires a modern browser that supports native crypto.\r\n\r\n## Installation\r\n\r\n```bash\r\nnpm install --save async-sha256\r\n```\r\n\r\n## Usage\r\n\r\n```js\r\nimport sha256 from \'async-sha256\';\r\n\r\nsha256(\'matt\').then(function(hash) {\r\nconsole.log(hash);//eslint-disable-line\r\n});\r\n```\r\n\r\n#### Or:\r\n\r\n```js\r\nimport sha256 from \'async-sha256\';\r\n\r\nasync function doSomething() {\r\n  const hash = await sha256(\'matt\');\r\n  console.log(hash);//eslint-disable-line\r\n}\r\ndoSomething();\r\n\r\n```\r\n\r\n## Change log\r\n\r\n### 1.0.3\r\n\r\n- Pushed: updated read me to include instructions noting that this currently only works in modern browsers and not node.\r\n\r\n### 1.0.2\r\n\r\n- Pushed: modified exports to work correctly.\r\n\r\n### 1.0.1\r\n\r\n- Pushed: changed code examples.\r\n\r\n### 1.0.0\r\n\r\n- Pushed: relocated file, fixed bug, this can be 1.0.\r\n\r\n### 0.9.0\r\n\r\n- Pushed: first version\r\n',
21 silly publish   readmeFilename: 'README.md',
21 silly publish   gitHead: 'f0fb9e6a6c82fbb51962e68cc721e9240bc76743',
21 silly publish   _id: 'async-sha256@1.0.2',
21 silly publish   _shasum: '16f7ca752595ffeae699134286e78da65dcda9b0',
21 silly publish   _from: '.' }
22 verbose getPublishConfig undefined
23 silly mapToRegistry name async-sha256
24 silly mapToRegistry using default registry
25 silly mapToRegistry registry https://registry.npmjs.com/
26 silly mapToRegistry data Result {
26 silly mapToRegistry   raw: 'async-sha256',
26 silly mapToRegistry   scope: null,
26 silly mapToRegistry   escapedName: 'async-sha256',
26 silly mapToRegistry   name: 'async-sha256',
26 silly mapToRegistry   rawSpec: '',
26 silly mapToRegistry   spec: 'latest',
26 silly mapToRegistry   type: 'tag' }
27 silly mapToRegistry uri https://registry.npmjs.com/async-sha256
28 verbose publish registryBase https://registry.npmjs.com/
29 silly publish uploading C:\Users\mbourke\AppData\Roaming\npm-cache\async-sha256\1.0.2\package.tgz
30 verbose request uri https://registry.npmjs.com/async-sha256
31 verbose request sending authorization for write operation
32 info attempt registry request try #1 at 4:30:32 PM
33 verbose request using bearer token for auth
34 verbose request id aa77d485bc682f24
35 http request PUT https://registry.npmjs.com/async-sha256
36 http 403 https://registry.npmjs.com/async-sha256
37 verbose headers { 'content-type': 'application/json',
37 verbose headers   'cache-control': 'max-age=300',
37 verbose headers   'content-length': '95',
37 verbose headers   'accept-ranges': 'bytes',
37 verbose headers   date: 'Wed, 24 May 2017 06:30:33 GMT',
37 verbose headers   via: '1.1 varnish',
37 verbose headers   connection: 'keep-alive',
37 verbose headers   'x-served-by': 'cache-syd1620-SYD',
37 verbose headers   'x-cache': 'MISS',
37 verbose headers   'x-cache-hits': '0',
37 verbose headers   'x-timer': 'S1495607433.026521,VS0,VE737',
37 verbose headers   vary: 'Accept-Encoding' }
38 verbose request invalidating C:\Users\mbourke\AppData\Roaming\npm-cache\registry.npmjs.com\async-sha256 on PUT
39 error publish Failed PUT 403
40 verbose stack Error: "You cannot publish over the previously published version 1.0.2." : async-sha256
40 verbose stack     at makeError (C:\Users\mbourke\AppData\Roaming\npm\node_modules\npm\node_modules\npm-registry-client\lib\request.js:264:12)
40 verbose stack     at CachingRegistryClient.<anonymous> (C:\Users\mbourke\AppData\Roaming\npm\node_modules\npm\node_modules\npm-registry-client\lib\request.js:252:14)
40 verbose stack     at Request._callback (C:\Users\mbourke\AppData\Roaming\npm\node_modules\npm\node_modules\npm-registry-client\lib\request.js:172:14)
40 verbose stack     at Request.self.callback (C:\Users\mbourke\AppData\Roaming\npm\node_modules\npm\node_modules\request\request.js:200:22)
40 verbose stack     at emitTwo (events.js:106:13)
40 verbose stack     at Request.emit (events.js:191:7)
40 verbose stack     at Request.<anonymous> (C:\Users\mbourke\AppData\Roaming\npm\node_modules\npm\node_modules\request\request.js:1067:10)
40 verbose stack     at emitOne (events.js:101:20)
40 verbose stack     at Request.emit (events.js:188:7)
40 verbose stack     at IncomingMessage.<anonymous> (C:\Users\mbourke\AppData\Roaming\npm\node_modules\npm\node_modules\request\request.js:988:12)
41 verbose statusCode 403
42 verbose pkgid async-sha256
43 verbose cwd C:\matt\async-sha256-native-crypto
44 error Windows_NT 6.1.7601
45 error argv "C:\\Program Files\\nodejs\\node.exe" "C:\\Users\\mbourke\\AppData\\Roaming\\npm\\node_modules\\npm\\bin\\npm-cli.js" "publish"
46 error node v6.10.0
47 error npm  v3.10.6
48 error code E403
49 error "You cannot publish over the previously published version 1.0.2." : async-sha256
50 error If you need help, you may report this error at:
50 error     <https://github.com/npm/npm/issues>
51 verbose exit [ 1, true ]
